This is pdfTeX, Version 3.141592653-2.6-1.40.23 (TeX Live 2021/W32TeX) (preloaded format=pdflatex 2022.3.1)  24 DEC 2022 17:34
entering extended mode
 restricted \write18 enabled.
 %&-line parsing enabled.
**"H:/02 CAMPOS PROPIOS ARQUEO/03 ARTICLES/00 Github Articles/2022.04 In Between/In-between-methods/Report/Lies-in-between.tex"
(h:/02 CAMPOS PROPIOS ARQUEO/03 ARTICLES/00 Github Articles/2022.04 In Between/In-between-methods/Report/Lies-in-between.tex
LaTeX2e <2021-11-15> patch level 1
L3 programming layer <2022-02-24> (c:/Users/Guillermo/AppData/Roaming/TinyTeX/texmf-dist/tex/latex/base/article.cls
Document Class: article 2021/10/04 v1.4n Standard LaTeX document class
(c:/Users/Guillermo/AppData/Roaming/TinyTeX/texmf-dist/tex/latex/base/size10.clo
File: size10.clo 2021/10/04 v1.4n Standard LaTeX file (size option)
)
\c@part=\count185
\c@section=\count186
\c@subsection=\count187
\c@subsubsection=\count188
\c@paragraph=\count189
\c@subparagraph=\count190
\c@figure=\count191
\c@table=\count192
\abovecaptionskip=\skip47
\belowcaptionskip=\skip48
\bibindent=\dimen138
) (c:/Users/Guillermo/AppData/Roaming/TinyTeX/texmf-dist/tex/latex/amsmath/amsmath.sty
Package: amsmath 2021/10/15 v2.17l AMS math features
\@mathmargin=\skip49
For additional information on amsmath, use the `?' option.
(c:/Users/Guillermo/AppData/Roaming/TinyTeX/texmf-dist/tex/latex/amsmath/amstext.sty
Package: amstext 2021/08/26 v2.01 AMS text
(c:/Users/Guillermo/AppData/Roaming/TinyTeX/texmf-dist/tex/latex/amsmath/amsgen.sty
File: amsgen.sty 1999/11/30 v2.0 generic functions
\@emptytoks=\toks16
\ex@=\dimen139
)) (c:/Users/Guillermo/AppData/Roaming/TinyTeX/texmf-dist/tex/latex/amsmath/amsbsy.sty
Package: amsbsy 1999/11/29 v1.2d Bold Symbols
\pmbraise@=\dimen140
) (c:/Users/Guillermo/AppData/Roaming/TinyTeX/texmf-dist/tex/latex/amsmath/amsopn.sty
Package: amsopn 2021/08/26 v2.02 operator names
)
\inf@bad=\count193
LaTeX Info: Redefining \frac on input line 234.
\uproot@=\count194
\leftroot@=\count195
LaTeX Info: Redefining \overline on input line 399.
\classnum@=\count196
\DOTSCASE@=\count197
LaTeX Info: Redefining \ldots on input line 496.
LaTeX Info: Redefining \dots on input line 499.
LaTeX Info: Redefining \cdots on input line 620.
\Mathstrutbox@=\box50
\strutbox@=\box51
\big@size=\dimen141
LaTeX Font Info:    Redeclaring font encoding OML on input line 743.
LaTeX Font Info:    Redeclaring font encoding OMS on input line 744.
\macc@depth=\count198
\c@MaxMatrixCols=\count199
\dotsspace@=\muskip16
\c@parentequation=\count266
\dspbrk@lvl=\count267
\tag@help=\toks17
\row@=\count268
\column@=\count269
\maxfields@=\count270
\andhelp@=\toks18
\eqnshift@=\dimen142
\alignsep@=\dimen143
\tagshift@=\dimen144
\tagwidth@=\dimen145
\totwidth@=\dimen146
\lineht@=\dimen147
\@envbody=\toks19
\multlinegap=\skip50
\multlinetaggap=\skip51
\mathdisplay@stack=\toks20
LaTeX Info: Redefining \[ on input line 2938.
LaTeX Info: Redefining \] on input line 2939.
) (c:/Users/Guillermo/AppData/Roaming/TinyTeX/texmf-dist/tex/latex/amsfonts/amssymb.sty
Package: amssymb 2013/01/14 v3.01 AMS font symbols
(c:/Users/Guillermo/AppData/Roaming/TinyTeX/texmf-dist/tex/latex/amsfonts/amsfonts.sty
Package: amsfonts 2013/01/14 v3.01 Basic AMSFonts support
\symAMSa=\mathgroup4
\symAMSb=\mathgroup5
LaTeX Font Info:    Redeclaring math symbol \hbar on input line 98.
LaTeX Font Info:    Overwriting math alphabet `\mathfrak' in version `bold'
(Font)                  U/euf/m/n --> U/euf/b/n on input line 106.
)) (c:/Users/Guillermo/AppData/Roaming/TinyTeX/texmf-dist/tex/latex/lm/lmodern.sty
Package: lmodern 2015/05/01 v1.6.1 Latin Modern Fonts
LaTeX Font Info:    Overwriting symbol font `operators' in version `normal'
(Font)                  OT1/cmr/m/n --> OT1/lmr/m/n on input line 22.
LaTeX Font Info:    Overwriting symbol font `letters' in version `normal'
(Font)                  OML/cmm/m/it --> OML/lmm/m/it on input line 23.
LaTeX Font Info:    Overwriting symbol font `symbols' in version `normal'
(Font)                  OMS/cmsy/m/n --> OMS/lmsy/m/n on input line 24.
LaTeX Font Info:    Overwriting symbol font `largesymbols' in version `normal'
(Font)                  OMX/cmex/m/n --> OMX/lmex/m/n on input line 25.
LaTeX Font Info:    Overwriting symbol font `operators' in version `bold'
(Font)                  OT1/cmr/bx/n --> OT1/lmr/bx/n on input line 26.
LaTeX Font Info:    Overwriting symbol font `letters' in version `bold'
(Font)                  OML/cmm/b/it --> OML/lmm/b/it on input line 27.
LaTeX Font Info:    Overwriting symbol font `symbols' in version `bold'
(Font)                  OMS/cmsy/b/n --> OMS/lmsy/b/n on input line 28.
LaTeX Font Info:    Overwriting symbol font `largesymbols' in version `bold'
(Font)                  OMX/cmex/m/n --> OMX/lmex/m/n on input line 29.
LaTeX Font Info:    Overwriting math alphabet `\mathbf' in version `normal'
(Font)                  OT1/cmr/bx/n --> OT1/lmr/bx/n on input line 31.
LaTeX Font Info:    Overwriting math alphabet `\mathsf' in version `normal'
(Font)                  OT1/cmss/m/n --> OT1/lmss/m/n on input line 32.
LaTeX Font Info:    Overwriting math alphabet `\mathit' in version `normal'
(Font)                  OT1/cmr/m/it --> OT1/lmr/m/it on input line 33.
LaTeX Font Info:    Overwriting math alphabet `\mathtt' in version `normal'
(Font)                  OT1/cmtt/m/n --> OT1/lmtt/m/n on input line 34.
LaTeX Font Info:    Overwriting math alphabet `\mathbf' in version `bold'
(Font)                  OT1/cmr/bx/n --> OT1/lmr/bx/n on input line 35.
LaTeX Font Info:    Overwriting math alphabet `\mathsf' in version `bold'
(Font)                  OT1/cmss/bx/n --> OT1/lmss/bx/n on input line 36.
LaTeX Font Info:    Overwriting math alphabet `\mathit' in version `bold'
(Font)                  OT1/cmr/bx/it --> OT1/lmr/bx/it on input line 37.
LaTeX Font Info:    Overwriting math alphabet `\mathtt' in version `bold'
(Font)                  OT1/cmtt/m/n --> OT1/lmtt/m/n on input line 38.
) (c:/Users/Guillermo/AppData/Roaming/TinyTeX/texmf-dist/tex/generic/iftex/iftex.sty
Package: iftex 2022/02/03 v1.0f TeX engine tests
) (c:/Users/Guillermo/AppData/Roaming/TinyTeX/texmf-dist/tex/latex/base/fontenc.sty
Package: fontenc 2021/04/29 v2.0v Standard LaTeX package
LaTeX Font Info:    Trying to load font information for T1+lmr on input line 112.
(c:/Users/Guillermo/AppData/Roaming/TinyTeX/texmf-dist/tex/latex/lm/t1lmr.fd
File: t1lmr.fd 2015/05/01 v1.6.1 Font defs for Latin Modern
)) (c:/Users/Guillermo/AppData/Roaming/TinyTeX/texmf-dist/tex/latex/base/inputenc.sty
Package: inputenc 2021/02/14 v1.3d Input encoding file
\inpenc@prehook=\toks21
\inpenc@posthook=\toks22
) (c:/Users/Guillermo/AppData/Roaming/TinyTeX/texmf-dist/tex/latex/base/textcomp.sty
Package: textcomp 2020/02/02 v2.0n Standard LaTeX package
) (c:/Users/Guillermo/AppData/Roaming/TinyTeX/texmf-dist/tex/latex/xcolor/xcolor.sty
Package: xcolor 2021/10/31 v2.13 LaTeX color extensions (UK)
(c:/Users/Guillermo/AppData/Roaming/TinyTeX/texmf-dist/tex/latex/graphics-cfg/color.cfg
File: color.cfg 2016/01/02 v1.6 sample color configuration
)
Package xcolor Info: Driver file: pdftex.def on input line 227.
(c:/Users/Guillermo/AppData/Roaming/TinyTeX/texmf-dist/tex/latex/graphics-def/pdftex.def
File: pdftex.def 2020/10/05 v1.2a Graphics/color driver for pdftex
)
Package xcolor Info: Model `cmy' substituted by `cmy0' on input line 1352.
Package xcolor Info: Model `hsb' substituted by `rgb' on input line 1356.
Package xcolor Info: Model `RGB' extended on input line 1368.
Package xcolor Info: Model `HTML' substituted by `rgb' on input line 1370.
Package xcolor Info: Model `Hsb' substituted by `hsb' on input line 1371.
Package xcolor Info: Model `tHsb' substituted by `hsb' on input line 1372.
Package xcolor Info: Model `HSB' substituted by `hsb' on input line 1373.
Package xcolor Info: Model `Gray' substituted by `gray' on input line 1374.
Package xcolor Info: Model `wave' substituted by `hsb' on input line 1375.
(c:/Users/Guillermo/AppData/Roaming/TinyTeX/texmf-dist/tex/latex/graphics/dvipsnam.def
File: dvipsnam.def 2016/06/17 v3.0m Driver-dependent file (DPC,SPQR)
) (c:/Users/Guillermo/AppData/Roaming/TinyTeX/texmf-dist/tex/latex/xcolor/svgnam.def
File: svgnam.def 2021/10/31 v2.13 Predefined colors according to SVG 1.1 (UK)
) (c:/Users/Guillermo/AppData/Roaming/TinyTeX/texmf-dist/tex/latex/xcolor/x11nam.def
File: x11nam.def 2021/10/31 v2.13 Predefined colors according to Unix/X11 (UK)
)) (c:/Users/Guillermo/AppData/Roaming/TinyTeX/texmf-dist/tex/latex/geometry/geometry.sty
Package: geometry 2020/01/02 v5.9 Page Geometry
(c:/Users/Guillermo/AppData/Roaming/TinyTeX/texmf-dist/tex/latex/graphics/keyval.sty
Package: keyval 2014/10/28 v1.15 key=value parser (DPC)
\KV@toks@=\toks23
) (c:/Users/Guillermo/AppData/Roaming/TinyTeX/texmf-dist/tex/generic/iftex/ifvtex.sty
Package: ifvtex 2019/10/25 v1.7 ifvtex legacy package. Use iftex instead.
)
\Gm@cnth=\count271
\Gm@cntv=\count272
\c@Gm@tempcnt=\count273
\Gm@bindingoffset=\dimen148
\Gm@wd@mp=\dimen149
\Gm@odd@mp=\dimen150
\Gm@even@mp=\dimen151
\Gm@layoutwidth=\dimen152
\Gm@layoutheight=\dimen153
\Gm@layouthoffset=\dimen154
\Gm@layoutvoffset=\dimen155
\Gm@dimlist=\toks24
) (c:/Users/Guillermo/AppData/Roaming/TinyTeX/texmf-dist/tex/latex/fancyvrb/fancyvrb.sty
Package: fancyvrb 2021/12/21 4.1b verbatim text (tvz,hv)
\FV@CodeLineNo=\count274
\FV@InFile=\read2
\FV@TabBox=\box52
\c@FancyVerbLine=\count275
\FV@StepNumber=\count276
\FV@OutFile=\write3
) (c:/Users/Guillermo/AppData/Roaming/TinyTeX/texmf-dist/tex/latex/framed/framed.sty
Package: framed 2011/10/22 v 0.96: framed or shaded text with page breaks
\OuterFrameSep=\skip52
\fb@frw=\dimen156
\fb@frh=\dimen157
\FrameRule=\dimen158
\FrameSep=\dimen159
) (c:/Users/Guillermo/AppData/Roaming/TinyTeX/texmf-dist/tex/latex/graphics/graphicx.sty
Package: graphicx 2021/09/16 v1.2d Enhanced LaTeX Graphics (DPC,SPQR)
(c:/Users/Guillermo/AppData/Roaming/TinyTeX/texmf-dist/tex/latex/graphics/graphics.sty
Package: graphics 2021/03/04 v1.4d Standard LaTeX Graphics (DPC,SPQR)
(c:/Users/Guillermo/AppData/Roaming/TinyTeX/texmf-dist/tex/latex/graphics/trig.sty
Package: trig 2021/08/11 v1.11 sin cos tan (DPC)
) (c:/Users/Guillermo/AppData/Roaming/TinyTeX/texmf-dist/tex/latex/graphics-cfg/graphics.cfg
File: graphics.cfg 2016/06/04 v1.11 sample graphics configuration
)
Package graphics Info: Driver file: pdftex.def on input line 107.
)
\Gin@req@height=\dimen160
\Gin@req@width=\dimen161
)
\cslhangindent=\skip53
\csllabelwidth=\skip54
\cslentryspacingunit=\skip55
(c:/Users/Guillermo/AppData/Roaming/TinyTeX/texmf-dist/tex/latex/tools/calc.sty
Package: calc 2017/05/25 v4.3 Infix arithmetic (KKT,FJ)
\calc@Acount=\count277
\calc@Bcount=\count278
\calc@Adimen=\dimen162
\calc@Bdimen=\dimen163
\calc@Askip=\skip56
\calc@Bskip=\skip57
LaTeX Info: Redefining \setlength on input line 80.
LaTeX Info: Redefining \addtolength on input line 81.
\calc@Ccount=\count279
\calc@Cskip=\skip58
) (c:/Users/Guillermo/AppData/Roaming/TinyTeX/texmf-dist/tex/latex/hyperref/hyperref.sty
Package: hyperref 2022-02-21 v7.00n Hypertext links for LaTeX
(c:/Users/Guillermo/AppData/Roaming/TinyTeX/texmf-dist/tex/generic/ltxcmds/ltxcmds.sty
Package: ltxcmds 2020-05-10 v1.25 LaTeX kernel commands for general use (HO)
) (c:/Users/Guillermo/AppData/Roaming/TinyTeX/texmf-dist/tex/generic/pdftexcmds/pdftexcmds.sty
Package: pdftexcmds 2020-06-27 v0.33 Utility functions of pdfTeX for LuaTeX (HO)
(c:/Users/Guillermo/AppData/Roaming/TinyTeX/texmf-dist/tex/generic/infwarerr/infwarerr.sty
Package: infwarerr 2019/12/03 v1.5 Providing info/warning/error messages (HO)
)
Package pdftexcmds Info: \pdf@primitive is available.
Package pdftexcmds Info: \pdf@ifprimitive is available.
Package pdftexcmds Info: \pdfdraftmode found.
) (c:/Users/Guillermo/AppData/Roaming/TinyTeX/texmf-dist/tex/generic/kvsetkeys/kvsetkeys.sty
Package: kvsetkeys 2019/12/15 v1.18 Key value parser (HO)
) (c:/Users/Guillermo/AppData/Roaming/TinyTeX/texmf-dist/tex/generic/kvdefinekeys/kvdefinekeys.sty
Package: kvdefinekeys 2019-12-19 v1.6 Define keys (HO)
) (c:/Users/Guillermo/AppData/Roaming/TinyTeX/texmf-dist/tex/generic/pdfescape/pdfescape.sty
Package: pdfescape 2019/12/09 v1.15 Implements pdfTeX's escape features (HO)
) (c:/Users/Guillermo/AppData/Roaming/TinyTeX/texmf-dist/tex/latex/hycolor/hycolor.sty
Package: hycolor 2020-01-27 v1.10 Color options for hyperref/bookmark (HO)
) (c:/Users/Guillermo/AppData/Roaming/TinyTeX/texmf-dist/tex/latex/letltxmacro/letltxmacro.sty
Package: letltxmacro 2019/12/03 v1.6 Let assignment for LaTeX macros (HO)
) (c:/Users/Guillermo/AppData/Roaming/TinyTeX/texmf-dist/tex/latex/auxhook/auxhook.sty
Package: auxhook 2019-12-17 v1.6 Hooks for auxiliary files (HO)
) (c:/Users/Guillermo/AppData/Roaming/TinyTeX/texmf-dist/tex/latex/kvoptions/kvoptions.sty
Package: kvoptions 2020-10-07 v3.14 Key value format for package options (HO)
)
\@linkdim=\dimen164
\Hy@linkcounter=\count280
\Hy@pagecounter=\count281
(c:/Users/Guillermo/AppData/Roaming/TinyTeX/texmf-dist/tex/latex/hyperref/pd1enc.def
File: pd1enc.def 2022-02-21 v7.00n Hyperref: PDFDocEncoding definition (HO)
Now handling font encoding PD1 ...
... no UTF-8 mapping file for font encoding PD1
) (c:/Users/Guillermo/AppData/Roaming/TinyTeX/texmf-dist/tex/generic/intcalc/intcalc.sty
Package: intcalc 2019/12/15 v1.3 Expandable calculations with integers (HO)
) (c:/Users/Guillermo/AppData/Roaming/TinyTeX/texmf-dist/tex/generic/etexcmds/etexcmds.sty
Package: etexcmds 2019/12/15 v1.7 Avoid name clashes with e-TeX commands (HO)
)
\Hy@SavedSpaceFactor=\count282
(c:/Users/Guillermo/AppData/Roaming/TinyTeX/texmf-dist/tex/latex/hyperref/puenc.def
File: puenc.def 2022-02-21 v7.00n Hyperref: PDF Unicode definition (HO)
Now handling font encoding PU ...
... no UTF-8 mapping file for font encoding PU
)
Package hyperref Info: Option `unicode' set `true' on input line 4018.
Package hyperref Info: Hyper figures OFF on input line 4137.
Package hyperref Info: Link nesting OFF on input line 4142.
Package hyperref Info: Hyper index ON on input line 4145.
Package hyperref Info: Plain pages OFF on input line 4152.
Package hyperref Info: Backreferencing OFF on input line 4157.
Package hyperref Info: Implicit mode ON; LaTeX internals redefined.
Package hyperref Info: Bookmarks ON on input line 4390.
\c@Hy@tempcnt=\count283
(c:/Users/Guillermo/AppData/Roaming/TinyTeX/texmf-dist/tex/latex/url/url.sty
\Urlmuskip=\muskip17
Package: url 2013/09/16  ver 3.4  Verb mode for urls, etc.
)
LaTeX Info: Redefining \url on input line 4749.
\XeTeXLinkMargin=\dimen165
(c:/Users/Guillermo/AppData/Roaming/TinyTeX/texmf-dist/tex/generic/bitset/bitset.sty
Package: bitset 2019/12/09 v1.3 Handle bit-vector datatype (HO)
(c:/Users/Guillermo/AppData/Roaming/TinyTeX/texmf-dist/tex/generic/bigintcalc/bigintcalc.sty
Package: bigintcalc 2019/12/15 v1.5 Expandable calculations on big integers (HO)
))
\Fld@menulength=\count284
\Field@Width=\dimen166
\Fld@charsize=\dimen167
Package hyperref Info: Hyper figures OFF on input line 6027.
Package hyperref Info: Link nesting OFF on input line 6032.
Package hyperref Info: Hyper index ON on input line 6035.
Package hyperref Info: backreferencing OFF on input line 6042.
Package hyperref Info: Link coloring OFF on input line 6047.
Package hyperref Info: Link coloring with OCG OFF on input line 6052.
Package hyperref Info: PDF/A mode OFF on input line 6057.
LaTeX Info: Redefining \ref on input line 6097.
LaTeX Info: Redefining \pageref on input line 6101.
(c:/Users/Guillermo/AppData/Roaming/TinyTeX/texmf-dist/tex/latex/base/atbegshi-ltx.sty
Package: atbegshi-ltx 2021/01/10 v1.0c Emulation of the original atbegshi
package with kernel methods
)
\Hy@abspage=\count285
\c@Item=\count286
\c@Hfootnote=\count287
)
Package hyperref Info: Driver (autodetected): hpdftex.
(c:/Users/Guillermo/AppData/Roaming/TinyTeX/texmf-dist/tex/latex/hyperref/hpdftex.def
File: hpdftex.def 2022-02-21 v7.00n Hyperref driver for pdfTeX
(c:/Users/Guillermo/AppData/Roaming/TinyTeX/texmf-dist/tex/latex/base/atveryend-ltx.sty
Package: atveryend-ltx 2020/08/19 v1.0a Emulation of the original atveryend package
with kernel methods
)
\Fld@listcount=\count288
\c@bookmark@seq@number=\count289
(c:/Users/Guillermo/AppData/Roaming/TinyTeX/texmf-dist/tex/latex/rerunfilecheck/rerunfilecheck.sty
Package: rerunfilecheck 2019/12/05 v1.9 Rerun checks for auxiliary files (HO)
(c:/Users/Guillermo/AppData/Roaming/TinyTeX/texmf-dist/tex/generic/uniquecounter/uniquecounter.sty
Package: uniquecounter 2019/12/15 v1.4 Provide unlimited unique counter (HO)
)
Package uniquecounter Info: New unique counter `rerunfilecheck' on input line 286.
)
\Hy@SectionHShift=\skip59
)
Package hyperref Info: Option `colorlinks' set `true' on input line 132.
(c:/Users/Guillermo/AppData/Roaming/TinyTeX/texmf-dist/tex/latex/l3backend/l3backend-pdftex.def
File: l3backend-pdftex.def 2022-02-07 L3 backend support: PDF output (pdfTeX)
\l__color_backend_stack_int=\count290
\l__pdf_internal_box=\box53
) (./Lies-in-between.aux)
\openout1 = `Lies-in-between.aux'.

LaTeX Font Info:    Checking defaults for OML/cmm/m/it on input line 139.
LaTeX Font Info:    ... okay on input line 139.
LaTeX Font Info:    Checking defaults for OMS/cmsy/m/n on input line 139.
LaTeX Font Info:    ... okay on input line 139.
LaTeX Font Info:    Checking defaults for OT1/cmr/m/n on input line 139.
LaTeX Font Info:    ... okay on input line 139.
LaTeX Font Info:    Checking defaults for T1/cmr/m/n on input line 139.
LaTeX Font Info:    ... okay on input line 139.
LaTeX Font Info:    Checking defaults for TS1/cmr/m/n on input line 139.
LaTeX Font Info:    ... okay on input line 139.
LaTeX Font Info:    Checking defaults for OMX/cmex/m/n on input line 139.
LaTeX Font Info:    ... okay on input line 139.
LaTeX Font Info:    Checking defaults for U/cmr/m/n on input line 139.
LaTeX Font Info:    ... okay on input line 139.
LaTeX Font Info:    Checking defaults for PD1/pdf/m/n on input line 139.
LaTeX Font Info:    ... okay on input line 139.
LaTeX Font Info:    Checking defaults for PU/pdf/m/n on input line 139.
LaTeX Font Info:    ... okay on input line 139.
(c:/Users/Guillermo/AppData/Roaming/TinyTeX/texmf-dist/tex/latex/epstopdf-pkg/epstopdf-base.sty
Package: epstopdf-base 2020-01-24 v2.11 Base part for package epstopdf
Package epstopdf-base Info: Redefining graphics rule for `.eps' on input line 485.
(c:/Users/Guillermo/AppData/Roaming/TinyTeX/texmf-dist/tex/latex/latexconfig/epstopdf-sys.cfg
File: epstopdf-sys.cfg 2010/07/13 v1.3 Configuration of (r)epstopdf for TeX Live
))
*geometry* driver: auto-detecting
*geometry* detected driver: pdftex
*geometry* verbose mode - [ preamble ] result:
* driver: pdftex
* paper: <default>
* layout: <same size as paper>
* layoutoffset:(h,v)=(0.0pt,0.0pt)
* modes: 
* h-part:(L,W,R)=(72.26999pt, 469.75502pt, 72.26999pt)
* v-part:(T,H,B)=(72.26999pt, 650.43001pt, 72.26999pt)
* \paperwidth=614.295pt
* \paperheight=794.96999pt
* \textwidth=469.75502pt
* \textheight=650.43001pt
* \oddsidemargin=0.0pt
* \evensidemargin=0.0pt
* \topmargin=-37.0pt
* \headheight=12.0pt
* \headsep=25.0pt
* \topskip=10.0pt
* \footskip=30.0pt
* \marginparwidth=65.0pt
* \marginparsep=11.0pt
* \columnsep=10.0pt
* \skip\footins=9.0pt plus 4.0pt minus 2.0pt
* \hoffset=0.0pt
* \voffset=0.0pt
* \mag=1000
* \@twocolumnfalse
* \@twosidefalse
* \@mparswitchfalse
* \@reversemarginfalse
* (1in=72.27pt=25.4mm, 1cm=28.453pt)

Package hyperref Info: Link coloring ON on input line 139.
(c:/Users/Guillermo/AppData/Roaming/TinyTeX/texmf-dist/tex/latex/hyperref/nameref.sty
Package: nameref 2021-04-02 v2.47 Cross-referencing by name of section
(c:/Users/Guillermo/AppData/Roaming/TinyTeX/texmf-dist/tex/latex/refcount/refcount.sty
Package: refcount 2019/12/15 v3.6 Data extraction from label references (HO)
) (c:/Users/Guillermo/AppData/Roaming/TinyTeX/texmf-dist/tex/generic/gettitlestring/gettitlestring.sty
Package: gettitlestring 2019/12/15 v1.6 Cleanup title references (HO)
)
\c@section@level=\count291
)
LaTeX Info: Redefining \ref on input line 139.
LaTeX Info: Redefining \pageref on input line 139.
LaTeX Info: Redefining \nameref on input line 139.
(./Lies-in-between.out) (./Lies-in-between.out)
\@outlinefile=\write4
\openout4 = `Lies-in-between.out'.

LaTeX Font Info:    Trying to load font information for OT1+lmr on input line 141.
(c:/Users/Guillermo/AppData/Roaming/TinyTeX/texmf-dist/tex/latex/lm/ot1lmr.fd
File: ot1lmr.fd 2015/05/01 v1.6.1 Font defs for Latin Modern
)
LaTeX Font Info:    Trying to load font information for OML+lmm on input line 141.
(c:/Users/Guillermo/AppData/Roaming/TinyTeX/texmf-dist/tex/latex/lm/omllmm.fd
File: omllmm.fd 2015/05/01 v1.6.1 Font defs for Latin Modern
)
LaTeX Font Info:    Trying to load font information for OMS+lmsy on input line 141.
(c:/Users/Guillermo/AppData/Roaming/TinyTeX/texmf-dist/tex/latex/lm/omslmsy.fd
File: omslmsy.fd 2015/05/01 v1.6.1 Font defs for Latin Modern
)
LaTeX Font Info:    Trying to load font information for OMX+lmex on input line 141.
(c:/Users/Guillermo/AppData/Roaming/TinyTeX/texmf-dist/tex/latex/lm/omxlmex.fd
File: omxlmex.fd 2015/05/01 v1.6.1 Font defs for Latin Modern
)
LaTeX Font Info:    External font `lmex10' loaded for size
(Font)              <12> on input line 141.
LaTeX Font Info:    External font `lmex10' loaded for size
(Font)              <8> on input line 141.
LaTeX Font Info:    External font `lmex10' loaded for size
(Font)              <6> on input line 141.
LaTeX Font Info:    Trying to load font information for U+msa on input line 141.
(c:/Users/Guillermo/AppData/Roaming/TinyTeX/texmf-dist/tex/latex/amsfonts/umsa.fd
File: umsa.fd 2013/01/14 v3.01 AMS symbols A
)
LaTeX Font Info:    Trying to load font information for U+msb on input line 141.
(c:/Users/Guillermo/AppData/Roaming/TinyTeX/texmf-dist/tex/latex/amsfonts/umsb.fd
File: umsb.fd 2013/01/14 v3.01 AMS symbols B
)
LaTeX Font Info:    External font `lmex10' loaded for size
(Font)              <10> on input line 142.
LaTeX Font Info:    External font `lmex10' loaded for size
(Font)              <7> on input line 142.
LaTeX Font Info:    External font `lmex10' loaded for size
(Font)              <5> on input line 142.
[1

{c:/Users/Guillermo/AppData/Roaming/TinyTeX/texmf-var/fonts/map/pdftex/updmap/pdftex.map}]
Underfull \hbox (badness 10000) in paragraph at lines 298--301

 []


Underfull \hbox (badness 10000) in paragraph at lines 301--305

 []

[2]
Underfull \hbox (badness 10000) in paragraph at lines 305--308

 []


Underfull \hbox (badness 10000) in paragraph at lines 308--311

 []


Underfull \hbox (badness 10000) in paragraph at lines 311--314

 []


Underfull \hbox (badness 10000) in paragraph at lines 382--385

 []


Underfull \hbox (badness 10000) in paragraph at lines 385--388

 []


Underfull \hbox (badness 10000) in paragraph at lines 388--392

 []


Underfull \hbox (badness 10000) in paragraph at lines 392--395

 []


Underfull \hbox (badness 10000) in paragraph at lines 395--397

 []

[3]
LaTeX Font Info:    Trying to load font information for TS1+lmr on input line 435.
(c:/Users/Guillermo/AppData/Roaming/TinyTeX/texmf-dist/tex/latex/lm/ts1lmr.fd
File: ts1lmr.fd 2015/05/01 v1.6.1 Font defs for Latin Modern
)
<Article Figures/Variability L D HD.png, id=186, 953.81343pt x 493.0922pt>
File: Article Figures/Variability L D HD.png Graphic file (type png)
<use Article Figures/Variability L D HD.png>
Package pdftex.def Info: Article Figures/Variability L D HD.png  used on input line 447.
(pdftex.def)             Requested size: 469.75952pt x 242.85121pt.
[4 <./Article Figures/Variability L D HD.png>]
<Article Figures/Mapa.png, id=220, 1987.425pt x 1686.3pt>
File: Article Figures/Mapa.png Graphic file (type png)
<use Article Figures/Mapa.png>
Package pdftex.def Info: Article Figures/Mapa.png  used on input line 496.
(pdftex.def)             Requested size: 469.74393pt x 398.5706pt.
[5 <./Article Figures/Mapa.png>]
LaTeX Font Info:    Trying to load font information for T1+lmtt on input line 601.
(c:/Users/Guillermo/AppData/Roaming/TinyTeX/texmf-dist/tex/latex/lm/t1lmtt.fd
File: t1lmtt.fd 2015/05/01 v1.6.1 Font defs for Latin Modern
) [6] [7]
<Article Figures/Three methods.png, id=281, 575.01782pt x 505.47104pt>
File: Article Figures/Three methods.png Graphic file (type png)
<use Article Figures/Three methods.png>
Package pdftex.def Info: Article Figures/Three methods.png  used on input line 714.
(pdftex.def)             Requested size: 469.76286pt x 412.94637pt.
<Article Figures/Experimental materials.jpg, id=282, 1511.6475pt x 2119.92pt>
File: Article Figures/Experimental materials.jpg Graphic file (type jpg)
<use Article Figures/Experimental materials.jpg>
Package pdftex.def Info: Article Figures/Experimental materials.jpg  used on input line 722.
(pdftex.def)             Requested size: 463.8082pt x 650.44017pt.

LaTeX Warning: Float too large for page by 48.51016pt on input line 728.

[8] [9 <./Article Figures/Three methods.png>] [10 <./Article Figures/Experimental materials.jpg>]
<H:/02CAMP~1/03ARTI~1/00GITH~1/2022~1.04I/IN-BET~1/Report/LIES-I~1/figure-latex/Cortex per knapping method-1.pdf, id=302, 469.755pt x 325.215pt>
File: H:/02CAMP~1/03ARTI~1/00GITH~1/2022~1.04I/IN-BET~1/Report/LIES-I~1/figure-latex/Cortex per knapping method-1.pdf Graphic file (type pdf)
<use H:/02CAMP~1/03ARTI~1/00GITH~1/2022~1.04I/IN-BET~1/Report/LIES-I~1/figure-latex/Cortex per knapping method-1.pdf>
Package pdftex.def Info: H:/02CAMP~1/03ARTI~1/00GITH~1/2022~1.04I/IN-BET~1/Report/LIES-I~1/figure-latex/Cortex per knapping method-1.pdf  used on input line 805.
(pdftex.def)             Requested size: 469.75386pt x 325.2142pt.
LaTeX Font Info:    Trying to load font information for TS1+lmtt on input line 858.
(c:/Users/Guillermo/AppData/Roaming/TinyTeX/texmf-dist/tex/latex/lm/ts1lmtt.fd
File: ts1lmtt.fd 2015/05/01 v1.6.1 Font defs for Latin Modern
) [11 <h:/02 CAMPOS PROPIOS ARQUEO/03 ARTICLES/00 Github Articles/2022.04 In Between/In-between-methods/Report/Lies-in-between_files/figure-latex/Cortex per knapping method-1.pdf>]
<H:/02CAMP~1/03ARTI~1/00GITH~1/2022~1.04I/IN-BET~1/Report/LIES-I~1/figure-latex/Bagolini scatter plot-1.pdf, id=313, 505.89pt x 505.89pt>
File: H:/02CAMP~1/03ARTI~1/00GITH~1/2022~1.04I/IN-BET~1/Report/LIES-I~1/figure-latex/Bagolini scatter plot-1.pdf Graphic file (type pdf)
<use H:/02CAMP~1/03ARTI~1/00GITH~1/2022~1.04I/IN-BET~1/Report/LIES-I~1/figure-latex/Bagolini scatter plot-1.pdf>
Package pdftex.def Info: H:/02CAMP~1/03ARTI~1/00GITH~1/2022~1.04I/IN-BET~1/Report/LIES-I~1/figure-latex/Bagolini scatter plot-1.pdf  used on input line 870.
(pdftex.def)             Requested size: 469.76265pt x 469.76265pt.
[12]
Underfull \hbox (badness 10000) in paragraph at lines 892--898

 []

[13 <h:/02 CAMPOS PROPIOS ARQUEO/03 ARTICLES/00 Github Articles/2022.04 In Between/In-between-methods/Report/Lies-in-between_files/figure-latex/Bagolini scatter plot-1.pdf>]
Underfull \hbox (badness 10000) in paragraph at lines 898--902

 []


Underfull \hbox (badness 10000) in paragraph at lines 902--906

 []


Underfull \hbox (badness 10000) in paragraph at lines 906--909

 []


Underfull \hbox (badness 10000) in paragraph at lines 909--912

 []


Underfull \hbox (badness 10000) in paragraph at lines 912--915

 []


Underfull \hbox (badness 10000) in paragraph at lines 915--918

 []


Underfull \hbox (badness 10000) in paragraph at lines 918--921

 []


Underfull \hbox (badness 10000) in paragraph at lines 921--923

 []


Underfull \hbox (badness 10000) in paragraph at lines 923--925

 []


Underfull \hbox (badness 10000) in paragraph at lines 925--928

 []


Underfull \hbox (badness 10000) in paragraph at lines 928--930

 []


Underfull \hbox (badness 10000) in paragraph at lines 930--934

 []


Underfull \hbox (badness 10000) in paragraph at lines 934--938

 []


Underfull \hbox (badness 10000) in paragraph at lines 938--942

 []


Underfull \hbox (badness 10000) in paragraph at lines 942--946

 []


Underfull \hbox (badness 10000) in paragraph at lines 946--950

 []

<Article Figures/Platform Measures.png, id=348, 706.82762pt x 178.31104pt>
File: Article Figures/Platform Measures.png Graphic file (type png)
<use Article Figures/Platform Measures.png>
Package pdftex.def Info: Article Figures/Platform Measures.png  used on input line 957.
(pdftex.def)             Requested size: 469.75404pt x 118.5046pt.

Underfull \hbox (badness 10000) in paragraph at lines 966--969

 []


Underfull \hbox (badness 10000) in paragraph at lines 969--972

 []


Underfull \hbox (badness 10000) in paragraph at lines 972--975

 []


Underfull \hbox (badness 10000) in paragraph at lines 975--978

 []


Underfull \hbox (badness 10000) in paragraph at lines 978--986

 []

[14]
Underfull \hbox (badness 10000) in paragraph at lines 986--993

 []


Underfull \hbox (badness 10000) in paragraph at lines 993--995

 []


Underfull \hbox (badness 10000) in paragraph at lines 995--998

 []


Underfull \hbox (badness 10000) in paragraph at lines 998--1001

 []

<Article Figures/Measures.png, id=362, 3920.6475pt x 1535.7375pt>
File: Article Figures/Measures.png Graphic file (type png)
<use Article Figures/Measures.png>
Package pdftex.def Info: Article Figures/Measures.png  used on input line 1008.
(pdftex.def)             Requested size: 469.73952pt x 183.99934pt.

Underfull \hbox (badness 10000) in paragraph at lines 1017--1020

 []

[15 <./Article Figures/Platform Measures.png> <./Article Figures/Measures.png>]
Underfull \hbox (badness 10000) in paragraph at lines 1020--1022

 []


Underfull \hbox (badness 10000) in paragraph at lines 1022--1026

 []


Underfull \hbox (badness 10000) in paragraph at lines 1026--1030

 []


Underfull \hbox (badness 10000) in paragraph at lines 1030--1038

 []


Underfull \hbox (badness 10000) in paragraph at lines 1038--1044

 []


Underfull \hbox (badness 10000) in paragraph at lines 1044--1048

 []


Underfull \hbox (badness 10000) in paragraph at lines 1048--1051

 []


Underfull \hbox (badness 10000) in paragraph at lines 1066--1073

 []


Underfull \hbox (badness 10000) in paragraph at lines 1073--1083

 []


Underfull \hbox (badness 10000) in paragraph at lines 1083--1089

 []


Underfull \hbox (badness 10000) in paragraph at lines 1089--1094

 []


Underfull \hbox (badness 10000) in paragraph at lines 1094--1099

 []


Underfull \hbox (badness 10000) in paragraph at lines 1099--1108

 []


Underfull \hbox (badness 10000) in paragraph at lines 1108--1115

 []

[16] [17]
LaTeX Font Info:    Font shape `T1/lmtt/bx/n' in size <10> not available
(Font)              Font shape `T1/lmtt/b/n' tried instead on input line 1298.
[18]
Underfull \vbox (badness 10000) detected at line 1403
 []


Underfull \vbox (badness 10000) detected at line 1403
 []

[19]
Underfull \vbox (badness 10000) detected at line 1403
 []


Underfull \vbox (badness 10000) detected at line 1403
 []

[20] [21] [22]
Underfull \vbox (badness 10000) detected at line 1567
 []


Underfull \vbox (badness 10000) detected at line 1567
 []

[23]
<H:/02CAMP~1/03ARTI~1/00GITH~1/2022~1.04I/IN-BET~1/Report/LIES-I~1/figure-latex/ROC and AUC of each class-1.pdf, id=487, 469.755pt x 325.215pt>
File: H:/02CAMP~1/03ARTI~1/00GITH~1/2022~1.04I/IN-BET~1/Report/LIES-I~1/figure-latex/ROC and AUC of each class-1.pdf Graphic file (type pdf)
<use H:/02CAMP~1/03ARTI~1/00GITH~1/2022~1.04I/IN-BET~1/Report/LIES-I~1/figure-latex/ROC and AUC of each class-1.pdf>
Package pdftex.def Info: H:/02CAMP~1/03ARTI~1/00GITH~1/2022~1.04I/IN-BET~1/Report/LIES-I~1/figure-latex/ROC and AUC of each class-1.pdf  used on input line 1569.
(pdftex.def)             Requested size: 469.75386pt x 325.2142pt.

LaTeX Font Warning: Font shape `T1/lmtt/bx/it' in size <10> not available
(Font)              Font shape `T1/lmtt/b/sl' tried instead on input line 1573.

[24 <h:/02 CAMPOS PROPIOS ARQUEO/03 ARTICLES/00 Github Articles/2022.04 In Between/In-between-methods/Report/Lies-in-between_files/figure-latex/ROC and AUC of each class-1.pdf>]
<H:/02CAMP~1/03ARTI~1/00GITH~1/2022~1.04I/IN-BET~1/Report/LIES-I~1/figure-latex/Confusion Matrix-1.pdf, id=499, 469.755pt x 325.215pt>
File: H:/02CAMP~1/03ARTI~1/00GITH~1/2022~1.04I/IN-BET~1/Report/LIES-I~1/figure-latex/Confusion Matrix-1.pdf Graphic file (type pdf)
<use H:/02CAMP~1/03ARTI~1/00GITH~1/2022~1.04I/IN-BET~1/Report/LIES-I~1/figure-latex/Confusion Matrix-1.pdf>
Package pdftex.def Info: H:/02CAMP~1/03ARTI~1/00GITH~1/2022~1.04I/IN-BET~1/Report/LIES-I~1/figure-latex/Confusion Matrix-1.pdf  used on input line 1613.
(pdftex.def)             Requested size: 469.75386pt x 325.2142pt.
[25 <h:/02 CAMPOS PROPIOS ARQUEO/03 ARTICLES/00 Github Articles/2022.04 In Between/In-between-methods/Report/Lies-in-between_files/figure-latex/Confusion Matrix-1.pdf>] [26]
<H:/02CAMP~1/03ARTI~1/00GITH~1/2022~1.04I/IN-BET~1/Report/LIES-I~1/figure-latex/Variable importance-1.pdf, id=518, 469.755pt x 325.215pt>
File: H:/02CAMP~1/03ARTI~1/00GITH~1/2022~1.04I/IN-BET~1/Report/LIES-I~1/figure-latex/Variable importance-1.pdf Graphic file (type pdf)
<use H:/02CAMP~1/03ARTI~1/00GITH~1/2022~1.04I/IN-BET~1/Report/LIES-I~1/figure-latex/Variable importance-1.pdf>
Package pdftex.def Info: H:/02CAMP~1/03ARTI~1/00GITH~1/2022~1.04I/IN-BET~1/Report/LIES-I~1/figure-latex/Variable importance-1.pdf  used on input line 1731.
(pdftex.def)             Requested size: 469.75386pt x 325.2142pt.
[27] [28 <h:/02 CAMPOS PROPIOS ARQUEO/03 ARTICLES/00 Github Articles/2022.04 In Between/In-between-methods/Report/Lies-in-between_files/figure-latex/Variable importance-1.pdf>]
<H:/02CAMP~1/03ARTI~1/00GITH~1/2022~1.04I/IN-BET~1/Report/LIES-I~1/figure-latex/Cortex and class probabilities-1.pdf, id=533, 469.755pt x 325.215pt>
File: H:/02CAMP~1/03ARTI~1/00GITH~1/2022~1.04I/IN-BET~1/Report/LIES-I~1/figure-latex/Cortex and class probabilities-1.pdf Graphic file (type pdf)
<use H:/02CAMP~1/03ARTI~1/00GITH~1/2022~1.04I/IN-BET~1/Report/LIES-I~1/figure-latex/Cortex and class probabilities-1.pdf>
Package pdftex.def Info: H:/02CAMP~1/03ARTI~1/00GITH~1/2022~1.04I/IN-BET~1/Report/LIES-I~1/figure-latex/Cortex and class probabilities-1.pdf  used on input line 1803.
(pdftex.def)             Requested size: 469.75386pt x 325.2142pt.
[29] [30 <h:/02 CAMPOS PROPIOS ARQUEO/03 ARTICLES/00 Github Articles/2022.04 In Between/In-between-methods/Report/Lies-in-between_files/figure-latex/Cortex and class probabilities-1.pdf>] [31] [32]
Underfull \hbox (badness 1496) in paragraph at lines 2136--2140
[]\T1/lmr/m/n/10 Bagolini, B. 1968, Ricerche sulle di-men-sioni dei man-u-fatti litici preis-torici non ri-toc-cati, \T1/lmr/m/it/10 An-nali
 []

[33]
Underfull \hbox (badness 1142) in paragraph at lines 2229--2236
\T1/lmr/m/n/10 ucts at the Bau de l'Aubesier and Payre (South-East France), \T1/lmr/m/it/10 PLoS ONE\T1/lmr/m/n/10 , 12(6): e0178550.
 []

[34] [35] [36] [37] [38] (./Lies-in-between.aux)
Package rerunfilecheck Info: File `Lies-in-between.out' has not changed.
(rerunfilecheck)             Checksum: CDF1452554E695A68B1715B93CB18656;1963.
 ) 
Here is how much of TeX's memory you used:
 11904 strings out of 480236
 194058 string characters out of 5893969
 518172 words of memory out of 5000000
 29454 multiletter control sequences out of 15000+600000
 515063 words of font info for 72 fonts, out of 8000000 for 9000
 14 hyphenation exceptions out of 8191
 60i,6n,63p,546b,410s stack positions out of 5000i,500n,10000p,200000b,80000s
pdfTeX warning (dest): name{ref-article} has been referenced but does not exist, replaced by a fixed one

{c:/Users/Guillermo/AppData/Roaming/TinyTeX/texmf-dist/fonts/enc/dvips/lm/lm-ec.enc}{c:/Users/Guillermo/AppData/Roaming/TinyTeX/texmf-dist/fonts/enc/dvips/lm/lm-ts1.enc}{c:/Users/Guillermo/AppData/Roaming/TinyTeX/texmf-dist/fonts/enc/dvips/lm/lm-mathit.enc}{c:/Users/Guillermo/AppData/Roaming/TinyTeX/texmf-dist/fonts/enc/dvips/lm/lm-rm.enc}<c:/Users/Guillermo/AppData/Roaming/TinyTeX/texmf-dist/fonts/type1/public/lm/lmbx10.pfb><c:/Users/Guillermo/AppData/Roaming/TinyTeX/texmf-dist/fonts/type1/public/lm/lmbx12.pfb><c:/Users/Guillermo/AppData/Roaming/TinyTeX/texmf-dist/fonts/type1/public/lm/lmmi7.pfb><c:/Users/Guillermo/AppData/Roaming/TinyTeX/texmf-dist/fonts/type1/public/lm/lmr10.pfb><c:/Users/Guillermo/AppData/Roaming/TinyTeX/texmf-dist/fonts/type1/public/lm/lmr12.pfb><c:/Users/Guillermo/AppData/Roaming/TinyTeX/texmf-dist/fonts/type1/public/lm/lmr17.pfb><c:/Users/Guillermo/AppData/Roaming/TinyTeX/texmf-dist/fonts/type1/public/lm/lmr7.pfb><c:/Users/Guillermo/AppData/Roaming/TinyTeX/texmf-dist/fonts/type1/public/lm/lmri10.pfb><c:/Users/Guillermo/AppData/Roaming/TinyTeX/texmf-dist/fonts/type1/public/lm/lmtk10.pfb><c:/Users/Guillermo/AppData/Roaming/TinyTeX/texmf-dist/fonts/type1/public/lm/lmtko10.pfb><c:/Users/Guillermo/AppData/Roaming/TinyTeX/texmf-dist/fonts/type1/public/lm/lmtt10.pfb><c:/Users/Guillermo/AppData/Roaming/TinyTeX/texmf-dist/fonts/type1/public/lm/lmtti10.pfb>
Output written on Lies-in-between.pdf (38 pages, 18951375 bytes).
PDF statistics:
 816 PDF objects out of 1000 (max. 8388607)
 716 compressed objects within 8 object streams
 189 named destinations out of 1000 (max. 500000)
 157 words of extra memory for PDF output out of 10000 (max. 10000000)

